[{
	"resource": "/Users/admin/cursor/write-a-book/streamlit_app.py",
	"owner": "_generated_diagnostic_collection_name_#3",
	"code": {
		"value": "reportAttributeAccessIssue",
		"target": {
			"$mid": 1,
			"path": "/microsoft/pyright/blob/main/docs/configuration.md",
			"scheme": "https",
			"authority": "github.com",
			"fragment": "reportAttributeAccessIssue"
		}
	},
	"severity": 8,
	"message": "\"render_book_editor\" is unknown import symbol",
	"source": "Pylance",
	"startLineNumber": 7,
	"startColumn": 34,
	"endLineNumber": 7,
	"endColumn": 52
},{
	"resource": "/Users/admin/cursor/write-a-book/streamlit_app.py",
	"owner": "_generated_diagnostic_collection_name_#3",
	"code": {
		"value": "reportAttributeAccessIssue",
		"target": {
			"$mid": 1,
			"path": "/microsoft/pyright/blob/main/docs/configuration.md",
			"scheme": "https",
			"authority": "github.com",
			"fragment": "reportAttributeAccessIssue"
		}
	},
	"severity": 8,
	"message": "\"Storage\" is unknown import symbol",
	"source": "Pylance",
	"startLineNumber": 8,
	"startColumn": 30,
	"endLineNumber": 8,
	"endColumn": 37
},{
	"resource": "/Users/admin/cursor/write-a-book/setup.py",
	"owner": "_generated_diagnostic_collection_name_#3",
	"code": {
		"value": "reportMissingModuleSource",
		"target": {
			"$mid": 1,
			"path": "/microsoft/pyright/blob/main/docs/configuration.md",
			"scheme": "https",
			"authority": "github.com",
			"fragment": "reportMissingModuleSource"
		}
	},
	"severity": 4,
	"message": "Import \"setuptools\" could not be resolved from source",
	"source": "Pylance",
	"startLineNumber": 3,
	"startColumn": 6,
	"endLineNumber": 3,
	"endColumn": 16
},{
	"resource": "/Users/admin/cursor/write-a-book/src/book_editor/docs/proj_status.md",
	"owner": "markdownlint",
	"code": {
		"value": "MD032",
		"target": {
			"$mid": 1,
			"path": "/DavidAnson/markdownlint/blob/v0.36.1/doc/md032.md",
			"scheme": "https",
			"authority": "github.com"
		}
	},
	"severity": 4,
	"message": "MD032/blanks-around-lists: Lists should be surrounded by blank lines",
	"source": "markdownlint",
	"startLineNumber": 22,
	"startColumn": 1,
	"endLineNumber": 22,
	"endColumn": 36
},{
	"resource": "/Users/admin/cursor/write-a-book/src/book_editor/docs/proj_status.md",
	"owner": "markdownlint",
	"code": {
		"value": "MD007",
		"target": {
			"$mid": 1,
			"path": "/DavidAnson/markdownlint/blob/v0.36.1/doc/md007.md",
			"scheme": "https",
			"authority": "github.com"
		}
	},
	"severity": 4,
	"message": "MD007/ul-indent: Unordered list indentation [Expected: 0; Actual: 2]",
	"source": "markdownlint",
	"startLineNumber": 23,
	"startColumn": 1,
	"endLineNumber": 23,
	"endColumn": 5
},{
	"resource": "/Users/admin/cursor/write-a-book/src/book_editor/docs/proj_status.md",
	"owner": "markdownlint",
	"code": {
		"value": "MD032",
		"target": {
			"$mid": 1,
			"path": "/DavidAnson/markdownlint/blob/v0.36.1/doc/md032.md",
			"scheme": "https",
			"authority": "github.com"
		}
	},
	"severity": 4,
	"message": "MD032/blanks-around-lists: Lists should be surrounded by blank lines",
	"source": "markdownlint",
	"startLineNumber": 23,
	"startColumn": 1,
	"endLineNumber": 23,
	"endColumn": 24
},{
	"resource": "/Users/admin/cursor/write-a-book/src/book_editor/docs/proj_status.md",
	"owner": "markdownlint",
	"code": {
		"value": "MD007",
		"target": {
			"$mid": 1,
			"path": "/DavidAnson/markdownlint/blob/v0.36.1/doc/md007.md",
			"scheme": "https",
			"authority": "github.com"
		}
	},
	"severity": 4,
	"message": "MD007/ul-indent: Unordered list indentation [Expected: 0; Actual: 2]",
	"source": "markdownlint",
	"startLineNumber": 24,
	"startColumn": 1,
	"endLineNumber": 24,
	"endColumn": 5
},{
	"resource": "/Users/admin/cursor/write-a-book/src/book_editor/docs/proj_status.md",
	"owner": "markdownlint",
	"code": {
		"value": "MD007",
		"target": {
			"$mid": 1,
			"path": "/DavidAnson/markdownlint/blob/v0.36.1/doc/md007.md",
			"scheme": "https",
			"authority": "github.com"
		}
	},
	"severity": 4,
	"message": "MD007/ul-indent: Unordered list indentation [Expected: 0; Actual: 2]",
	"source": "markdownlint",
	"startLineNumber": 25,
	"startColumn": 1,
	"endLineNumber": 25,
	"endColumn": 5
},{
	"resource": "/Users/admin/cursor/write-a-book/src/book_editor/docs/proj_status.md",
	"owner": "markdownlint",
	"code": {
		"value": "MD029",
		"target": {
			"$mid": 1,
			"path": "/DavidAnson/markdownlint/blob/v0.36.1/doc/md029.md",
			"scheme": "https",
			"authority": "github.com"
		}
	},
	"severity": 4,
	"message": "MD029/ol-prefix: Ordered list item prefix [Expected: 1; Actual: 2; Style: 1/1/1]",
	"source": "markdownlint",
	"startLineNumber": 27,
	"startColumn": 1,
	"endLineNumber": 27,
	"endColumn": 4
},{
	"resource": "/Users/admin/cursor/write-a-book/src/book_editor/docs/proj_status.md",
	"owner": "markdownlint",
	"code": {
		"value": "MD032",
		"target": {
			"$mid": 1,
			"path": "/DavidAnson/markdownlint/blob/v0.36.1/doc/md032.md",
			"scheme": "https",
			"authority": "github.com"
		}
	},
	"severity": 4,
	"message": "MD032/blanks-around-lists: Lists should be surrounded by blank lines",
	"source": "markdownlint",
	"startLineNumber": 27,
	"startColumn": 1,
	"endLineNumber": 27,
	"endColumn": 38
},{
	"resource": "/Users/admin/cursor/write-a-book/src/book_editor/docs/proj_status.md",
	"owner": "markdownlint",
	"code": {
		"value": "MD007",
		"target": {
			"$mid": 1,
			"path": "/DavidAnson/markdownlint/blob/v0.36.1/doc/md007.md",
			"scheme": "https",
			"authority": "github.com"
		}
	},
	"severity": 4,
	"message": "MD007/ul-indent: Unordered list indentation [Expected: 0; Actual: 2]",
	"source": "markdownlint",
	"startLineNumber": 28,
	"startColumn": 1,
	"endLineNumber": 28,
	"endColumn": 5
},{
	"resource": "/Users/admin/cursor/write-a-book/src/book_editor/docs/proj_status.md",
	"owner": "markdownlint",
	"code": {
		"value": "MD032",
		"target": {
			"$mid": 1,
			"path": "/DavidAnson/markdownlint/blob/v0.36.1/doc/md032.md",
			"scheme": "https",
			"authority": "github.com"
		}
	},
	"severity": 4,
	"message": "MD032/blanks-around-lists: Lists should be surrounded by blank lines",
	"source": "markdownlint",
	"startLineNumber": 28,
	"startColumn": 1,
	"endLineNumber": 28,
	"endColumn": 24
},{
	"resource": "/Users/admin/cursor/write-a-book/src/book_editor/docs/proj_status.md",
	"owner": "markdownlint",
	"code": {
		"value": "MD007",
		"target": {
			"$mid": 1,
			"path": "/DavidAnson/markdownlint/blob/v0.36.1/doc/md007.md",
			"scheme": "https",
			"authority": "github.com"
		}
	},
	"severity": 4,
	"message": "MD007/ul-indent: Unordered list indentation [Expected: 0; Actual: 2]",
	"source": "markdownlint",
	"startLineNumber": 29,
	"startColumn": 1,
	"endLineNumber": 29,
	"endColumn": 5
},{
	"resource": "/Users/admin/cursor/write-a-book/src/book_editor/docs/proj_status.md",
	"owner": "markdownlint",
	"code": {
		"value": "MD007",
		"target": {
			"$mid": 1,
			"path": "/DavidAnson/markdownlint/blob/v0.36.1/doc/md007.md",
			"scheme": "https",
			"authority": "github.com"
		}
	},
	"severity": 4,
	"message": "MD007/ul-indent: Unordered list indentation [Expected: 0; Actual: 2]",
	"source": "markdownlint",
	"startLineNumber": 30,
	"startColumn": 1,
	"endLineNumber": 30,
	"endColumn": 5
},{
	"resource": "/Users/admin/cursor/write-a-book/src/book_editor/docs/proj_status.md",
	"owner": "markdownlint",
	"code": {
		"value": "MD029",
		"target": {
			"$mid": 1,
			"path": "/DavidAnson/markdownlint/blob/v0.36.1/doc/md029.md",
			"scheme": "https",
			"authority": "github.com"
		}
	},
	"severity": 4,
	"message": "MD029/ol-prefix: Ordered list item prefix [Expected: 1; Actual: 3; Style: 1/1/1]",
	"source": "markdownlint",
	"startLineNumber": 32,
	"startColumn": 1,
	"endLineNumber": 32,
	"endColumn": 4
},{
	"resource": "/Users/admin/cursor/write-a-book/src/book_editor/docs/proj_status.md",
	"owner": "markdownlint",
	"code": {
		"value": "MD032",
		"target": {
			"$mid": 1,
			"path": "/DavidAnson/markdownlint/blob/v0.36.1/doc/md032.md",
			"scheme": "https",
			"authority": "github.com"
		}
	},
	"severity": 4,
	"message": "MD032/blanks-around-lists: Lists should be surrounded by blank lines",
	"source": "markdownlint",
	"startLineNumber": 32,
	"startColumn": 1,
	"endLineNumber": 32,
	"endColumn": 44
},{
	"resource": "/Users/admin/cursor/write-a-book/src/book_editor/docs/proj_status.md",
	"owner": "markdownlint",
	"code": {
		"value": "MD007",
		"target": {
			"$mid": 1,
			"path": "/DavidAnson/markdownlint/blob/v0.36.1/doc/md007.md",
			"scheme": "https",
			"authority": "github.com"
		}
	},
	"severity": 4,
	"message": "MD007/ul-indent: Unordered list indentation [Expected: 0; Actual: 2]",
	"source": "markdownlint",
	"startLineNumber": 33,
	"startColumn": 1,
	"endLineNumber": 33,
	"endColumn": 5
},{
	"resource": "/Users/admin/cursor/write-a-book/src/book_editor/docs/proj_status.md",
	"owner": "markdownlint",
	"code": {
		"value": "MD032",
		"target": {
			"$mid": 1,
			"path": "/DavidAnson/markdownlint/blob/v0.36.1/doc/md032.md",
			"scheme": "https",
			"authority": "github.com"
		}
	},
	"severity": 4,
	"message": "MD032/blanks-around-lists: Lists should be surrounded by blank lines",
	"source": "markdownlint",
	"startLineNumber": 33,
	"startColumn": 1,
	"endLineNumber": 33,
	"endColumn": 21
},{
	"resource": "/Users/admin/cursor/write-a-book/src/book_editor/docs/proj_status.md",
	"owner": "markdownlint",
	"code": {
		"value": "MD007",
		"target": {
			"$mid": 1,
			"path": "/DavidAnson/markdownlint/blob/v0.36.1/doc/md007.md",
			"scheme": "https",
			"authority": "github.com"
		}
	},
	"severity": 4,
	"message": "MD007/ul-indent: Unordered list indentation [Expected: 0; Actual: 2]",
	"source": "markdownlint",
	"startLineNumber": 34,
	"startColumn": 1,
	"endLineNumber": 34,
	"endColumn": 5
},{
	"resource": "/Users/admin/cursor/write-a-book/src/book_editor/docs/proj_status.md",
	"owner": "markdownlint",
	"code": {
		"value": "MD007",
		"target": {
			"$mid": 1,
			"path": "/DavidAnson/markdownlint/blob/v0.36.1/doc/md007.md",
			"scheme": "https",
			"authority": "github.com"
		}
	},
	"severity": 4,
	"message": "MD007/ul-indent: Unordered list indentation [Expected: 0; Actual: 2]",
	"source": "markdownlint",
	"startLineNumber": 35,
	"startColumn": 1,
	"endLineNumber": 35,
	"endColumn": 5
},{
	"resource": "/Users/admin/cursor/write-a-book/src/book_editor/docs/proj_status.md",
	"owner": "markdownlint",
	"code": {
		"value": "MD029",
		"target": {
			"$mid": 1,
			"path": "/DavidAnson/markdownlint/blob/v0.36.1/doc/md029.md",
			"scheme": "https",
			"authority": "github.com"
		}
	},
	"severity": 4,
	"message": "MD029/ol-prefix: Ordered list item prefix [Expected: 1; Actual: 4; Style: 1/1/1]",
	"source": "markdownlint",
	"startLineNumber": 37,
	"startColumn": 1,
	"endLineNumber": 37,
	"endColumn": 4
},{
	"resource": "/Users/admin/cursor/write-a-book/src/book_editor/docs/proj_status.md",
	"owner": "markdownlint",
	"code": {
		"value": "MD032",
		"target": {
			"$mid": 1,
			"path": "/DavidAnson/markdownlint/blob/v0.36.1/doc/md032.md",
			"scheme": "https",
			"authority": "github.com"
		}
	},
	"severity": 4,
	"message": "MD032/blanks-around-lists: Lists should be surrounded by blank lines",
	"source": "markdownlint",
	"startLineNumber": 37,
	"startColumn": 1,
	"endLineNumber": 37,
	"endColumn": 36
},{
	"resource": "/Users/admin/cursor/write-a-book/src/book_editor/docs/proj_status.md",
	"owner": "markdownlint",
	"code": {
		"value": "MD007",
		"target": {
			"$mid": 1,
			"path": "/DavidAnson/markdownlint/blob/v0.36.1/doc/md007.md",
			"scheme": "https",
			"authority": "github.com"
		}
	},
	"severity": 4,
	"message": "MD007/ul-indent: Unordered list indentation [Expected: 0; Actual: 2]",
	"source": "markdownlint",
	"startLineNumber": 38,
	"startColumn": 1,
	"endLineNumber": 38,
	"endColumn": 5
},{
	"resource": "/Users/admin/cursor/write-a-book/src/book_editor/docs/proj_status.md",
	"owner": "markdownlint",
	"code": {
		"value": "MD032",
		"target": {
			"$mid": 1,
			"path": "/DavidAnson/markdownlint/blob/v0.36.1/doc/md032.md",
			"scheme": "https",
			"authority": "github.com"
		}
	},
	"severity": 4,
	"message": "MD032/blanks-around-lists: Lists should be surrounded by blank lines",
	"source": "markdownlint",
	"startLineNumber": 38,
	"startColumn": 1,
	"endLineNumber": 38,
	"endColumn": 38
},{
	"resource": "/Users/admin/cursor/write-a-book/src/book_editor/docs/proj_status.md",
	"owner": "markdownlint",
	"code": {
		"value": "MD007",
		"target": {
			"$mid": 1,
			"path": "/DavidAnson/markdownlint/blob/v0.36.1/doc/md007.md",
			"scheme": "https",
			"authority": "github.com"
		}
	},
	"severity": 4,
	"message": "MD007/ul-indent: Unordered list indentation [Expected: 0; Actual: 2]",
	"source": "markdownlint",
	"startLineNumber": 39,
	"startColumn": 1,
	"endLineNumber": 39,
	"endColumn": 5
},{
	"resource": "/Users/admin/cursor/write-a-book/src/book_editor/README.md",
	"owner": "markdownlint",
	"code": {
		"value": "MD031",
		"target": {
			"$mid": 1,
			"path": "/DavidAnson/markdownlint/blob/v0.36.1/doc/md031.md",
			"scheme": "https",
			"authority": "github.com"
		}
	},
	"severity": 4,
	"message": "MD031/blanks-around-fences: Fenced code blocks should be surrounded by blank lines",
	"source": "markdownlint",
	"startLineNumber": 24,
	"startColumn": 1,
	"endLineNumber": 24,
	"endColumn": 11
},{
	"resource": "/Users/admin/cursor/write-a-book/src/book_editor/README.md",
	"owner": "markdownlint",
	"code": {
		"value": "MD031",
		"target": {
			"$mid": 1,
			"path": "/DavidAnson/markdownlint/blob/v0.36.1/doc/md031.md",
			"scheme": "https",
			"authority": "github.com"
		}
	},
	"severity": 4,
	"message": "MD031/blanks-around-fences: Fenced code blocks should be surrounded by blank lines",
	"source": "markdownlint",
	"startLineNumber": 30,
	"startColumn": 1,
	"endLineNumber": 30,
	"endColumn": 11
},{
	"resource": "/Users/admin/cursor/write-a-book/src/book_editor/README.md",
	"owner": "markdownlint",
	"code": {
		"value": "MD031",
		"target": {
			"$mid": 1,
			"path": "/DavidAnson/markdownlint/blob/v0.36.1/doc/md031.md",
			"scheme": "https",
			"authority": "github.com"
		}
	},
	"severity": 4,
	"message": "MD031/blanks-around-fences: Fenced code blocks should be surrounded by blank lines",
	"source": "markdownlint",
	"startLineNumber": 37,
	"startColumn": 1,
	"endLineNumber": 37,
	"endColumn": 11
},{
	"resource": "/Users/admin/cursor/write-a-book/src/book_editor/README.md",
	"owner": "markdownlint",
	"code": {
		"value": "MD031",
		"target": {
			"$mid": 1,
			"path": "/DavidAnson/markdownlint/blob/v0.36.1/doc/md031.md",
			"scheme": "https",
			"authority": "github.com"
		}
	},
	"severity": 4,
	"message": "MD031/blanks-around-fences: Fenced code blocks should be surrounded by blank lines",
	"source": "markdownlint",
	"startLineNumber": 45,
	"startColumn": 1,
	"endLineNumber": 45,
	"endColumn": 11
},{
	"resource": "/Users/admin/cursor/write-a-book/src/book_editor/README.md",
	"owner": "markdownlint",
	"code": {
		"value": "MD032",
		"target": {
			"$mid": 1,
			"path": "/DavidAnson/markdownlint/blob/v0.36.1/doc/md032.md",
			"scheme": "https",
			"authority": "github.com"
		}
	},
	"severity": 4,
	"message": "MD032/blanks-around-lists: Lists should be surrounded by blank lines",
	"source": "markdownlint",
	"startLineNumber": 51,
	"startColumn": 1,
	"endLineNumber": 51,
	"endColumn": 23
},{
	"resource": "/Users/admin/cursor/write-a-book/src/book_editor/README.md",
	"owner": "markdownlint",
	"code": {
		"value": "MD007",
		"target": {
			"$mid": 1,
			"path": "/DavidAnson/markdownlint/blob/v0.36.1/doc/md007.md",
			"scheme": "https",
			"authority": "github.com"
		}
	},
	"severity": 4,
	"message": "MD007/ul-indent: Unordered list indentation [Expected: 0; Actual: 2]",
	"source": "markdownlint",
	"startLineNumber": 52,
	"startColumn": 1,
	"endLineNumber": 52,
	"endColumn": 5
},{
	"resource": "/Users/admin/cursor/write-a-book/src/book_editor/README.md",
	"owner": "markdownlint",
	"code": {
		"value": "MD032",
		"target": {
			"$mid": 1,
			"path": "/DavidAnson/markdownlint/blob/v0.36.1/doc/md032.md",
			"scheme": "https",
			"authority": "github.com"
		}
	},
	"severity": 4,
	"message": "MD032/blanks-around-lists: Lists should be surrounded by blank lines",
	"source": "markdownlint",
	"startLineNumber": 52,
	"startColumn": 1,
	"endLineNumber": 52,
	"endColumn": 21
},{
	"resource": "/Users/admin/cursor/write-a-book/src/book_editor/README.md",
	"owner": "markdownlint",
	"code": {
		"value": "MD007",
		"target": {
			"$mid": 1,
			"path": "/DavidAnson/markdownlint/blob/v0.36.1/doc/md007.md",
			"scheme": "https",
			"authority": "github.com"
		}
	},
	"severity": 4,
	"message": "MD007/ul-indent: Unordered list indentation [Expected: 0; Actual: 2]",
	"source": "markdownlint",
	"startLineNumber": 53,
	"startColumn": 1,
	"endLineNumber": 53,
	"endColumn": 5
},{
	"resource": "/Users/admin/cursor/write-a-book/src/book_editor/README.md",
	"owner": "markdownlint",
	"code": {
		"value": "MD007",
		"target": {
			"$mid": 1,
			"path": "/DavidAnson/markdownlint/blob/v0.36.1/doc/md007.md",
			"scheme": "https",
			"authority": "github.com"
		}
	},
	"severity": 4,
	"message": "MD007/ul-indent: Unordered list indentation [Expected: 0; Actual: 2]",
	"source": "markdownlint",
	"startLineNumber": 54,
	"startColumn": 1,
	"endLineNumber": 54,
	"endColumn": 5
},{
	"resource": "/Users/admin/cursor/write-a-book/src/book_editor/README.md",
	"owner": "markdownlint",
	"code": {
		"value": "MD029",
		"target": {
			"$mid": 1,
			"path": "/DavidAnson/markdownlint/blob/v0.36.1/doc/md029.md",
			"scheme": "https",
			"authority": "github.com"
		}
	},
	"severity": 4,
	"message": "MD029/ol-prefix: Ordered list item prefix [Expected: 1; Actual: 4; Style: 1/1/1]",
	"source": "markdownlint",
	"startLineNumber": 56,
	"startColumn": 1,
	"endLineNumber": 56,
	"endColumn": 4
},{
	"resource": "/Users/admin/cursor/write-a-book/src/book_editor/README.md",
	"owner": "markdownlint",
	"code": {
		"value": "MD032",
		"target": {
			"$mid": 1,
			"path": "/DavidAnson/markdownlint/blob/v0.36.1/doc/md032.md",
			"scheme": "https",
			"authority": "github.com"
		}
	},
	"severity": 4,
	"message": "MD032/blanks-around-lists: Lists should be surrounded by blank lines",
	"source": "markdownlint",
	"startLineNumber": 56,
	"startColumn": 1,
	"endLineNumber": 56,
	"endColumn": 27
},{
	"resource": "/Users/admin/cursor/write-a-book/src/book_editor/README.md",
	"owner": "markdownlint",
	"code": {
		"value": "MD007",
		"target": {
			"$mid": 1,
			"path": "/DavidAnson/markdownlint/blob/v0.36.1/doc/md007.md",
			"scheme": "https",
			"authority": "github.com"
		}
	},
	"severity": 4,
	"message": "MD007/ul-indent: Unordered list indentation [Expected: 0; Actual: 2]",
	"source": "markdownlint",
	"startLineNumber": 57,
	"startColumn": 1,
	"endLineNumber": 57,
	"endColumn": 5
},{
	"resource": "/Users/admin/cursor/write-a-book/src/book_editor/README.md",
	"owner": "markdownlint",
	"code": {
		"value": "MD032",
		"target": {
			"$mid": 1,
			"path": "/DavidAnson/markdownlint/blob/v0.36.1/doc/md032.md",
			"scheme": "https",
			"authority": "github.com"
		}
	},
	"severity": 4,
	"message": "MD032/blanks-around-lists: Lists should be surrounded by blank lines",
	"source": "markdownlint",
	"startLineNumber": 57,
	"startColumn": 1,
	"endLineNumber": 57,
	"endColumn": 24
},{
	"resource": "/Users/admin/cursor/write-a-book/src/book_editor/README.md",
	"owner": "markdownlint",
	"code": {
		"value": "MD007",
		"target": {
			"$mid": 1,
			"path": "/DavidAnson/markdownlint/blob/v0.36.1/doc/md007.md",
			"scheme": "https",
			"authority": "github.com"
		}
	},
	"severity": 4,
	"message": "MD007/ul-indent: Unordered list indentation [Expected: 0; Actual: 2]",
	"source": "markdownlint",
	"startLineNumber": 58,
	"startColumn": 1,
	"endLineNumber": 58,
	"endColumn": 5
},{
	"resource": "/Users/admin/cursor/write-a-book/src/book_editor/README.md",
	"owner": "markdownlint",
	"code": {
		"value": "MD007",
		"target": {
			"$mid": 1,
			"path": "/DavidAnson/markdownlint/blob/v0.36.1/doc/md007.md",
			"scheme": "https",
			"authority": "github.com"
		}
	},
	"severity": 4,
	"message": "MD007/ul-indent: Unordered list indentation [Expected: 0; Actual: 2]",
	"source": "markdownlint",
	"startLineNumber": 59,
	"startColumn": 1,
	"endLineNumber": 59,
	"endColumn": 5
},{
	"resource": "/Users/admin/cursor/write-a-book/tests/test_core_editor_extended.py",
	"owner": "_generated_diagnostic_collection_name_#1",
	"code": {
		"value": "W0621:redefined-outer-name",
		"target": {
			"$mid": 1,
			"path": "/en/latest/user_guide/messages/warning/redefined-outer-name.html",
			"scheme": "https",
			"authority": "pylint.readthedocs.io"
		}
	},
	"severity": 4,
	"message": "Redefining name 'editor' from outer scope (line 12)",
	"source": "Pylint",
	"startLineNumber": 18,
	"startColumn": 32,
	"endLineNumber": 18,
	"endColumn": 38
},{
	"resource": "/Users/admin/cursor/write-a-book/tests/test_core_editor_extended.py",
	"owner": "_generated_diagnostic_collection_name_#1",
	"code": {
		"value": "W0621:redefined-outer-name",
		"target": {
			"$mid": 1,
			"path": "/en/latest/user_guide/messages/warning/redefined-outer-name.html",
			"scheme": "https",
			"authority": "pylint.readthedocs.io"
		}
	},
	"severity": 4,
	"message": "Redefining name 'editor' from outer scope (line 12)",
	"source": "Pylint",
	"startLineNumber": 26,
	"startColumn": 35,
	"endLineNumber": 26,
	"endColumn": 41
},{
	"resource": "/Users/admin/cursor/write-a-book/tests/test_core_editor_extended.py",
	"owner": "_generated_diagnostic_collection_name_#1",
	"code": {
		"value": "W0621:redefined-outer-name",
		"target": {
			"$mid": 1,
			"path": "/en/latest/user_guide/messages/warning/redefined-outer-name.html",
			"scheme": "https",
			"authority": "pylint.readthedocs.io"
		}
	},
	"severity": 4,
	"message": "Redefining name 'editor' from outer scope (line 12)",
	"source": "Pylint",
	"startLineNumber": 34,
	"startColumn": 33,
	"endLineNumber": 34,
	"endColumn": 39
},{
	"resource": "/Users/admin/cursor/write-a-book/tests/test_core_editor_extended.py",
	"owner": "_generated_diagnostic_collection_name_#1",
	"code": {
		"value": "W0621:redefined-outer-name",
		"target": {
			"$mid": 1,
			"path": "/en/latest/user_guide/messages/warning/redefined-outer-name.html",
			"scheme": "https",
			"authority": "pylint.readthedocs.io"
		}
	},
	"severity": 4,
	"message": "Redefining name 'editor' from outer scope (line 12)",
	"source": "Pylint",
	"startLineNumber": 42,
	"startColumn": 34,
	"endLineNumber": 42,
	"endColumn": 40
},{
	"resource": "/Users/admin/cursor/write-a-book/tests/test_core_editor_extended.py",
	"owner": "_generated_diagnostic_collection_name_#0",
	"code": "W293",
	"severity": 4,
	"message": "blank line contains whitespace",
	"source": "Flake8",
	"startLineNumber": 48,
	"startColumn": 1,
	"endLineNumber": 48,
	"endColumn": 1
},{
	"resource": "/Users/admin/cursor/write-a-book/tests/test_core_editor_extended.py",
	"owner": "_generated_diagnostic_collection_name_#1",
	"code": {
		"value": "W0621:redefined-outer-name",
		"target": {
			"$mid": 1,
			"path": "/en/latest/user_guide/messages/warning/redefined-outer-name.html",
			"scheme": "https",
			"authority": "pylint.readthedocs.io"
		}
	},
	"severity": 4,
	"message": "Redefining name 'editor' from outer scope (line 12)",
	"source": "Pylint",
	"startLineNumber": 55,
	"startColumn": 34,
	"endLineNumber": 55,
	"endColumn": 40
},{
	"resource": "/Users/admin/cursor/write-a-book/tests/test_core_editor_extended.py",
	"owner": "_generated_diagnostic_collection_name_#0",
	"code": "W293",
	"severity": 4,
	"message": "blank line contains whitespace",
	"source": "Flake8",
	"startLineNumber": 60,
	"startColumn": 1,
	"endLineNumber": 60,
	"endColumn": 1
},{
	"resource": "/Users/admin/cursor/write-a-book/tests/test_core_editor_extended.py",
	"owner": "_generated_diagnostic_collection_name_#1",
	"code": {
		"value": "W0621:redefined-outer-name",
		"target": {
			"$mid": 1,
			"path": "/en/latest/user_guide/messages/warning/redefined-outer-name.html",
			"scheme": "https",
			"authority": "pylint.readthedocs.io"
		}
	},
	"severity": 4,
	"message": "Redefining name 'editor' from outer scope (line 12)",
	"source": "Pylint",
	"startLineNumber": 68,
	"startColumn": 31,
	"endLineNumber": 68,
	"endColumn": 37
},{
	"resource": "/Users/admin/cursor/write-a-book/tests/test_core_editor_extended.py",
	"owner": "_generated_diagnostic_collection_name_#1",
	"code": {
		"value": "W0621:redefined-outer-name",
		"target": {
			"$mid": 1,
			"path": "/en/latest/user_guide/messages/warning/redefined-outer-name.html",
			"scheme": "https",
			"authority": "pylint.readthedocs.io"
		}
	},
	"severity": 4,
	"message": "Redefining name 'editor' from outer scope (line 12)",
	"source": "Pylint",
	"startLineNumber": 77,
	"startColumn": 32,
	"endLineNumber": 77,
	"endColumn": 38
},{
	"resource": "/Users/admin/cursor/write-a-book/tests/test_core_editor_extended.py",
	"owner": "_generated_diagnostic_collection_name_#1",
	"code": {
		"value": "W0621:redefined-outer-name",
		"target": {
			"$mid": 1,
			"path": "/en/latest/user_guide/messages/warning/redefined-outer-name.html",
			"scheme": "https",
			"authority": "pylint.readthedocs.io"
		}
	},
	"severity": 4,
	"message": "Redefining name 'editor' from outer scope (line 12)",
	"source": "Pylint",
	"startLineNumber": 84,
	"startColumn": 35,
	"endLineNumber": 84,
	"endColumn": 41
},{
	"resource": "/Users/admin/cursor/write-a-book/tests/test_core_editor_extended.py",
	"owner": "_generated_diagnostic_collection_name_#1",
	"code": {
		"value": "C0303:trailing-whitespace",
		"target": {
			"$mid": 1,
			"path": "/en/latest/user_guide/messages/convention/trailing-whitespace.html",
			"scheme": "https",
			"authority": "pylint.readthedocs.io"
		}
	},
	"severity": 2,
	"message": "Trailing whitespace",
	"source": "Pylint",
	"startLineNumber": 48,
	"startColumn": 1,
	"endLineNumber": 48,
	"endColumn": 1
},{
	"resource": "/Users/admin/cursor/write-a-book/tests/test_core_editor_extended.py",
	"owner": "_generated_diagnostic_collection_name_#1",
	"code": {
		"value": "C0303:trailing-whitespace",
		"target": {
			"$mid": 1,
			"path": "/en/latest/user_guide/messages/convention/trailing-whitespace.html",
			"scheme": "https",
			"authority": "pylint.readthedocs.io"
		}
	},
	"severity": 2,
	"message": "Trailing whitespace",
	"source": "Pylint",
	"startLineNumber": 60,
	"startColumn": 1,
	"endLineNumber": 60,
	"endColumn": 1
}]