[2024-12-20 00:50:11] Starting automatic code fixing...
[2024-12-20 00:50:11] Starting automatic code fixing...
[2024-12-20 00:50:11] Fixing whitespace issues...
[2024-12-20 00:50:11] Fixing whitespace issues...
[2024-12-20 00:50:12] Whitespace fixing complete
[2024-12-20 00:50:12] Whitespace fixing complete
[2024-12-20 00:50:12] Fixing docstring issues...
[2024-12-20 00:50:12] Fixing docstring issues...
[2024-12-20 00:50:12] Docstring fixing complete
[2024-12-20 00:50:12] Docstring fixing complete
[2024-12-20 00:50:12] Removing unused imports and variables...
[2024-12-20 00:50:12] Removing unused imports and variables...
[2024-12-20 00:50:14] Unused code removal complete
[2024-12-20 00:50:14] Unused code removal complete
[2024-12-20 00:50:14] Fixing imports with isort...
[2024-12-20 00:50:14] Fixing imports with isort...
[2024-12-20 00:50:16] Import fixing complete
[2024-12-20 00:50:16] Import fixing complete
[2024-12-20 00:50:16] Fixing PEP8 issues with autopep8...
[2024-12-20 00:50:16] Fixing PEP8 issues with autopep8...
[2024-12-20 00:50:18] PEP8 fixing complete
[2024-12-20 00:50:18] PEP8 fixing complete
[2024-12-20 00:50:18] Fixing code style with black...
[2024-12-20 00:50:18] Fixing code style with black...
[2024-12-20 00:50:21] Code style fixing complete
[2024-12-20 00:50:21] Code style fixing complete
[2024-12-20 00:50:21] Fixing whitespace issues...
[2024-12-20 00:50:21] Fixing whitespace issues...
[2024-12-20 00:50:21] Whitespace fixing complete
[2024-12-20 00:50:21] Whitespace fixing complete
[2024-12-20 00:50:21] Automatic code fixing complete!
[2024-12-20 00:50:21] Automatic code fixing complete!
