./agent_directives.md:3 MD022/blanks-around-headings Headings should be surrounded by blank lines [Expected: 1; Actual: 0; Below] [Context: "#"]
./agent_directives.md:3 MD025/single-title/single-h1 Multiple top-level headings in the same document
./agent_directives.md:4 MD022/blanks-around-headings Headings should be surrounded by blank lines [Expected: 1; Actual: 0; Above] [Context: "# Core Responsibilities"]
./agent_directives.md:4 MD025/single-title/single-h1 Multiple top-level headings in the same document [Context: "Core Responsibilities"]
./agent_directives.md:14 MD022/blanks-around-headings Headings should be surrounded by blank lines [Expected: 1; Actual: 0; Below] [Context: "#"]
./agent_directives.md:14 MD024/no-duplicate-heading Multiple headings with the same content
./agent_directives.md:14 MD025/single-title/single-h1 Multiple top-level headings in the same document
./agent_directives.md:15 MD022/blanks-around-headings Headings should be surrounded by blank lines [Expected: 1; Actual: 0; Above] [Context: "# Script Management"]
./agent_directives.md:15 MD025/single-title/single-h1 Multiple top-level headings in the same document [Context: "Script Management"]
./agent_directives.md:25 MD022/blanks-around-headings Headings should be surrounded by blank lines [Expected: 1; Actual: 0; Below] [Context: "#"]
./agent_directives.md:25 MD024/no-duplicate-heading Multiple headings with the same content
./agent_directives.md:25 MD025/single-title/single-h1 Multiple top-level headings in the same document
./agent_directives.md:26 MD022/blanks-around-headings Headings should be surrounded by blank lines [Expected: 1; Actual: 0; Above] [Context: "# Resource Management"]
./agent_directives.md:26 MD025/single-title/single-h1 Multiple top-level headings in the same document [Context: "Resource Management"]
./agent_directives.md:30 MD022/blanks-around-headings Headings should be surrounded by blank lines [Expected: 1; Actual: 0; Below] [Context: "#"]
./agent_directives.md:30 MD024/no-duplicate-heading Multiple headings with the same content
./agent_directives.md:30 MD025/single-title/single-h1 Multiple top-level headings in the same document
./agent_directives.md:31 MD022/blanks-around-headings Headings should be surrounded by blank lines [Expected: 1; Actual: 0; Above] [Context: "# Automation & Error Handling"]
./agent_directives.md:31 MD025/single-title/single-h1 Multiple top-level headings in the same document [Context: "Automation & Error Handling"]
./agent_directives.md:39 MD022/blanks-around-headings Headings should be surrounded by blank lines [Expected: 1; Actual: 0; Below] [Context: "#"]
./agent_directives.md:39 MD024/no-duplicate-heading Multiple headings with the same content
./agent_directives.md:39 MD025/single-title/single-h1 Multiple top-level headings in the same document
./agent_directives.md:40 MD022/blanks-around-headings Headings should be surrounded by blank lines [Expected: 1; Actual: 0; Above] [Context: "# Version Control & Testing"]
./agent_directives.md:40 MD025/single-title/single-h1 Multiple top-level headings in the same document [Context: "Version Control & Testing"]
./agent_directives.md:48 MD022/blanks-around-headings Headings should be surrounded by blank lines [Expected: 1; Actual: 0; Below] [Context: "#"]
./agent_directives.md:48 MD024/no-duplicate-heading Multiple headings with the same content
./agent_directives.md:48 MD025/single-title/single-h1 Multiple top-level headings in the same document
./agent_directives.md:49 MD022/blanks-around-headings Headings should be surrounded by blank lines [Expected: 1; Actual: 0; Above] [Context: "# Documentation"]
./agent_directives.md:49 MD025/single-title/single-h1 Multiple top-level headings in the same document [Context: "Documentation"]
./docs/proj_status.md:5 MD022/blanks-around-headings Headings should be surrounded by blank lines [Expected: 1; Actual: 0; Below] [Context: "#"]
./docs/proj_status.md:5 MD025/single-title/single-h1 Multiple top-level headings in the same document
./docs/proj_status.md:6 MD022/blanks-around-headings Headings should be surrounded by blank lines [Expected: 1; Actual: 0; Above] [Context: "# Summary of Resolved Errors"]
./docs/proj_status.md:6 MD025/single-title/single-h1 Multiple top-level headings in the same document [Context: "Summary of Resolved Errors"]
./docs/proj_status.md:10 MD022/blanks-around-headings Headings should be surrounded by blank lines [Expected: 1; Actual: 0; Below] [Context: "#"]
./docs/proj_status.md:10 MD024/no-duplicate-heading Multiple headings with the same content
./docs/proj_status.md:10 MD025/single-title/single-h1 Multiple top-level headings in the same document
./docs/proj_status.md:11 MD022/blanks-around-headings Headings should be surrounded by blank lines [Expected: 1; Actual: 0; Above] [Context: "# Current Implementation Status"]
./docs/proj_status.md:11 MD025/single-title/single-h1 Multiple top-level headings in the same document [Context: "Current Implementation Status"]
./docs/proj_status.md:17 MD022/blanks-around-headings Headings should be surrounded by blank lines [Expected: 1; Actual: 0; Below] [Context: "#"]
./docs/proj_status.md:17 MD024/no-duplicate-heading Multiple headings with the same content
./docs/proj_status.md:17 MD025/single-title/single-h1 Multiple top-level headings in the same document
./docs/proj_status.md:18 MD022/blanks-around-headings Headings should be surrounded by blank lines [Expected: 1; Actual: 0; Above] [Context: "# Test Coverage Report"]
./docs/proj_status.md:18 MD025/single-title/single-h1 Multiple top-level headings in the same document [Context: "Test Coverage Report"]
./docs/proj_status.md:20 MD003/heading-style Heading style [Expected: atx; Actual: setext]
./docs/proj_status.md:20 MD022/blanks-around-headings Headings should be surrounded by blank lines [Expected: 1; Actual: 0; Below] [Context: "Name                                     Stmts   Miss  Cover"]
./docs/proj_status.md:22 MD003/heading-style Heading style [Expected: atx; Actual: setext]
./docs/proj_status.md:22 MD022/blanks-around-headings Headings should be surrounded by blank lines [Expected: 1; Actual: 0; Above] [Context: "src/__init__.py                              2      0   100%"]
./docs/proj_status.md:22 MD022/blanks-around-headings Headings should be surrounded by blank lines [Expected: 1; Actual: 0; Below] [Context: "src/__init__.py                              2      0   100%"]
./docs/proj_status.md:60 MD022/blanks-around-headings Headings should be surrounded by blank lines [Expected: 1; Actual: 0; Below] [Context: "#"]
./docs/proj_status.md:60 MD024/no-duplicate-heading Multiple headings with the same content
./docs/proj_status.md:60 MD025/single-title/single-h1 Multiple top-level headings in the same document
./docs/proj_status.md:61 MD022/blanks-around-headings Headings should be surrounded by blank lines [Expected: 1; Actual: 0; Above] [Context: "# Lint Report"]
./docs/proj_status.md:61 MD025/single-title/single-h1 Multiple top-level headings in the same document [Context: "Lint Report"]
./docs/proj_status.md:63 MD012/no-multiple-blanks Multiple consecutive blank lines [Expected: 1; Actual: 2]
./docs/proj_status.md:67 MD012/no-multiple-blanks Multiple consecutive blank lines [Expected: 1; Actual: 2]
./docs/proj_status.md:72 MD022/blanks-around-headings Headings should be surrounded by blank lines [Expected: 1; Actual: 0; Below] [Context: "#"]
./docs/proj_status.md:72 MD024/no-duplicate-heading Multiple headings with the same content
./docs/proj_status.md:72 MD025/single-title/single-h1 Multiple top-level headings in the same document
./docs/proj_status.md:73 MD022/blanks-around-headings Headings should be surrounded by blank lines [Expected: 1; Actual: 0; Above] [Context: "# Recent Changes"]
./docs/proj_status.md:73 MD025/single-title/single-h1 Multiple top-level headings in the same document [Context: "Recent Changes"]
./docs/implementation_plan.md:3 MD022/blanks-around-headings Headings should be surrounded by blank lines [Expected: 1; Actual: 0; Below] [Context: "#"]
./docs/implementation_plan.md:3 MD025/single-title/single-h1 Multiple top-level headings in the same document
./docs/implementation_plan.md:4 MD022/blanks-around-headings Headings should be surrounded by blank lines [Expected: 1; Actual: 0; Above] [Context: "# Editor Implementation"]
./docs/implementation_plan.md:4 MD025/single-title/single-h1 Multiple top-level headings in the same document [Context: "Editor Implementation"]
./docs/implementation_plan.md:6 MD001/heading-increment Heading levels should only increment by one level at a time [Expected: h2; Actual: h3]
./docs/implementation_plan.md:48 MD022/blanks-around-headings Headings should be surrounded by blank lines [Expected: 1; Actual: 0; Below] [Context: "#"]
./docs/implementation_plan.md:48 MD024/no-duplicate-heading Multiple headings with the same content
./docs/implementation_plan.md:48 MD025/single-title/single-h1 Multiple top-level headings in the same document
./docs/implementation_plan.md:49 MD022/blanks-around-headings Headings should be surrounded by blank lines [Expected: 1; Actual: 0; Above] [Context: "# Current Features"]
./docs/implementation_plan.md:49 MD025/single-title/single-h1 Multiple top-level headings in the same document [Context: "Current Features"]
./docs/implementation_plan.md:65 MD022/blanks-around-headings Headings should be surrounded by blank lines [Expected: 1; Actual: 0; Below] [Context: "#"]
./docs/implementation_plan.md:65 MD024/no-duplicate-heading Multiple headings with the same content
./docs/implementation_plan.md:65 MD025/single-title/single-h1 Multiple top-level headings in the same document
./docs/implementation_plan.md:66 MD022/blanks-around-headings Headings should be surrounded by blank lines [Expected: 1; Actual: 0; Above] [Context: "# Planned Features"]
./docs/implementation_plan.md:66 MD025/single-title/single-h1 Multiple top-level headings in the same document [Context: "Planned Features"]
./logs/auto_fix.log.md:1 MD041/first-line-heading/first-line-h1 First line in a file should be a top-level heading [Context: "./agent_directives.md:3 MD022/..."]
./src/book_editor/docs/proj_status.md:3 MD022/blanks-around-headings Headings should be surrounded by blank lines [Expected: 1; Actual: 0; Below] [Context: "#"]
./src/book_editor/docs/proj_status.md:3 MD025/single-title/single-h1 Multiple top-level headings in the same document
./src/book_editor/docs/proj_status.md:4 MD022/blanks-around-headings Headings should be surrounded by blank lines [Expected: 1; Actual: 0; Above] [Context: "# Phase 1 Implementation Status"]
./src/book_editor/docs/proj_status.md:4 MD025/single-title/single-h1 Multiple top-level headings in the same document [Context: "Phase 1 Implementation Status"]
./src/book_editor/docs/proj_status.md:6 MD001/heading-increment Heading levels should only increment by one level at a time [Expected: h2; Actual: h3]
./src/book_editor/docs/proj_status.md:78 MD022/blanks-around-headings Headings should be surrounded by blank lines [Expected: 1; Actual: 0; Below] [Context: "#"]
./src/book_editor/docs/proj_status.md:78 MD024/no-duplicate-heading Multiple headings with the same content
./src/book_editor/docs/proj_status.md:78 MD025/single-title/single-h1 Multiple top-level headings in the same document
./src/book_editor/docs/proj_status.md:79 MD022/blanks-around-headings Headings should be surrounded by blank lines [Expected: 1; Actual: 0; Above] [Context: "# Development Guidelines"]
./src/book_editor/docs/proj_status.md:79 MD025/single-title/single-h1 Multiple top-level headings in the same document [Context: "Development Guidelines"]
./src/book_editor/docs/proj_status.md:89 MD022/blanks-around-headings Headings should be surrounded by blank lines [Expected: 1; Actual: 0; Below] [Context: "#"]
./src/book_editor/docs/proj_status.md:89 MD024/no-duplicate-heading Multiple headings with the same content
./src/book_editor/docs/proj_status.md:89 MD025/single-title/single-h1 Multiple top-level headings in the same document
./src/book_editor/docs/proj_status.md:90 MD022/blanks-around-headings Headings should be surrounded by blank lines [Expected: 1; Actual: 0; Above] [Context: "# Recent Changes"]
./src/book_editor/docs/proj_status.md:90 MD025/single-title/single-h1 Multiple top-level headings in the same document [Context: "Recent Changes"]
./src/book_editor/README.md:5 MD022/blanks-around-headings Headings should be surrounded by blank lines [Expected: 1; Actual: 0; Below] [Context: "#"]
./src/book_editor/README.md:5 MD025/single-title/single-h1 Multiple top-level headings in the same document
./src/book_editor/README.md:6 MD022/blanks-around-headings Headings should be surrounded by blank lines [Expected: 1; Actual: 0; Above] [Context: "# Features"]
./src/book_editor/README.md:6 MD025/single-title/single-h1 Multiple top-level headings in the same document [Context: "Features"]
./src/book_editor/README.md:20 MD022/blanks-around-headings Headings should be surrounded by blank lines [Expected: 1; Actual: 0; Below] [Context: "#"]
./src/book_editor/README.md:20 MD024/no-duplicate-heading Multiple headings with the same content
./src/book_editor/README.md:20 MD025/single-title/single-h1 Multiple top-level headings in the same document
./src/book_editor/README.md:21 MD022/blanks-around-headings Headings should be surrounded by blank lines [Expected: 1; Actual: 0; Above] [Context: "# Installation"]
./src/book_editor/README.md:21 MD025/single-title/single-h1 Multiple top-level headings in the same document [Context: "Installation"]
./src/book_editor/README.md:44 MD022/blanks-around-headings Headings should be surrounded by blank lines [Expected: 1; Actual: 0; Below] [Context: "#"]
./src/book_editor/README.md:44 MD024/no-duplicate-heading Multiple headings with the same content
./src/book_editor/README.md:44 MD025/single-title/single-h1 Multiple top-level headings in the same document
./src/book_editor/README.md:45 MD022/blanks-around-headings Headings should be surrounded by blank lines [Expected: 1; Actual: 0; Above] [Context: "# Usage"]
./src/book_editor/README.md:45 MD025/single-title/single-h1 Multiple top-level headings in the same document [Context: "Usage"]
./src/book_editor/README.md:65 MD022/blanks-around-headings Headings should be surrounded by blank lines [Expected: 1; Actual: 0; Below] [Context: "#"]
./src/book_editor/README.md:65 MD024/no-duplicate-heading Multiple headings with the same content
./src/book_editor/README.md:65 MD025/single-title/single-h1 Multiple top-level headings in the same document
./src/book_editor/README.md:66 MD022/blanks-around-headings Headings should be surrounded by blank lines [Expected: 1; Actual: 0; Above] [Context: "# Development"]
./src/book_editor/README.md:66 MD025/single-title/single-h1 Multiple top-level headings in the same document [Context: "Development"]
./src/book_editor/README.md:68 MD001/heading-increment Heading levels should only increment by one level at a time [Expected: h2; Actual: h3]
./src/book_editor/README.md:89 MD022/blanks-around-headings Headings should be surrounded by blank lines [Expected: 1; Actual: 0; Below] [Context: "#"]
./src/book_editor/README.md:89 MD024/no-duplicate-heading Multiple headings with the same content
./src/book_editor/README.md:89 MD025/single-title/single-h1 Multiple top-level headings in the same document
./src/book_editor/README.md:90 MD022/blanks-around-headings Headings should be surrounded by blank lines [Expected: 1; Actual: 0; Above] [Context: "# Contributing"]
./src/book_editor/README.md:90 MD025/single-title/single-h1 Multiple top-level headings in the same document [Context: "Contributing"]
./src/book_editor/README.md:102 MD022/blanks-around-headings Headings should be surrounded by blank lines [Expected: 1; Actual: 0; Below] [Context: "#"]
./src/book_editor/README.md:102 MD024/no-duplicate-heading Multiple headings with the same content
./src/book_editor/README.md:102 MD025/single-title/single-h1 Multiple top-level headings in the same document
./src/book_editor/README.md:103 MD022/blanks-around-headings Headings should be surrounded by blank lines [Expected: 1; Actual: 0; Above] [Context: "# License"]
./src/book_editor/README.md:103 MD025/single-title/single-h1 Multiple top-level headings in the same document [Context: "License"]
