[2024-12-21 13:11:18] Starting verification and fixes...
[2024-12-21 13:11:18] Setting up virtual environment...
[2024-12-21 13:11:22] Running auto_fix_code.sh...
[2024-12-21 13:11:22] Starting auto-fix process...
[2024-12-21 13:11:22] Starting fix iteration 1 of 3
[2024-12-21 13:11:22] Parsing verify_and_fix.log for errors...
[2024-12-21 13:11:22] No errors found in log
[2024-12-21 13:11:22] No errors found, stopping
[2024-12-21 13:11:22] All fixes completed successfully!
[2024-12-21 13:11:22] Setting up markdown linting tools...
[2024-12-21 13:11:22] Setting up advanced Streamlit directory structure...
[2024-12-21 13:11:22] Verifying Streamlit dependencies...
[2024-12-21 13:11:22] Fixing markdown files...
[2024-12-21 13:11:22] Processing ./agent_directives.md...
[2024-12-21 13:11:22] Processing ./.pytest_cache/README.md...
[2024-12-21 13:11:22] Processing ./docs/proj_status.md...
[2024-12-21 13:11:22] Processing ./docs/implementation_plan.md...
[2024-12-21 13:11:22] Processing ./README.md...
[2024-12-21 13:11:22] Processing ./logs/auto_fix.log.md...
[2024-12-21 13:11:22] Processing ./src/book_editor/docs/changelog.md...
[2024-12-21 13:11:22] Processing ./src/book_editor/docs/proj_status.md...
[2024-12-21 13:11:22] Processing ./src/book_editor/README.md...
[2024-12-21 13:11:22] Fixing Python files...
[2024-12-21 13:11:22] Processing ./tests/test_components.py...
[2024-12-21 13:11:23] Processing ./tests/test_app_config.py...
[2024-12-21 13:11:23] Processing ./tests/test_core_editor_extended.py...
[2024-12-21 13:11:23] Processing ./tests/test_editor.py...
[2024-12-21 13:11:23] Processing ./tests/test_app_core.py...
[2024-12-21 13:11:24] Processing ./tests/test_text_editor_extended.py...
[2024-12-21 13:11:24] Processing ./tests/__init__.py...
[2024-12-21 13:11:24] Processing ./tests/test_book.py...
[2024-12-21 13:11:24] Processing ./tests/test_storage.py...
[2024-12-21 13:11:24] Processing ./tests/test_app_core_editor.py...
[2024-12-21 13:11:24] Processing ./tests/test_main.py...
[2024-12-21 13:11:25] Processing ./tests/test_core_editor.py...
[2024-12-21 13:11:25] Processing ./tests/test_template.py...
[2024-12-21 13:11:25] Processing ./tests/test_settings.py...
[2024-12-21 13:11:25] Processing ./streamlit_app.py...
[2024-12-21 13:11:25] Processing ./setup.py...
[2024-12-21 13:11:26] Processing ./src/__init__.py...
[2024-12-21 13:11:26] Processing ./src/utils/__init__.py...
[2024-12-21 13:11:26] Processing ./src/models/__init__.py...
[2024-12-21 13:11:26] Processing ./src/models/book.py...
[2024-12-21 13:11:26] Processing ./src/components/__init__.py...
[2024-12-21 13:11:26] Processing ./src/components/text_editor.py...
[2024-12-21 13:11:27] Processing ./src/components/editor.py...
[2024-12-21 13:11:27] Processing ./src/book_editor/core/__init__.py...
[2024-12-21 13:11:27] Processing ./src/book_editor/core/template.py...
[2024-12-21 13:11:27] Processing ./src/book_editor/core/editor.py...
[2024-12-21 13:11:27] Processing ./src/book_editor/app/core/__init__.py...
[2024-12-21 13:11:28] Processing ./src/book_editor/app/core/editor.py...
[2024-12-21 13:11:28] Processing ./src/book_editor/app/config/__init__.py...
[2024-12-21 13:11:28] Processing ./src/book_editor/app/config/settings.py...
[2024-12-21 13:11:28] Processing ./src/book_editor/app/__init__.py...
[2024-12-21 13:11:28] Processing ./src/book_editor/config/__init__.py...
[2024-12-21 13:11:28] Processing ./src/book_editor/config/settings.py...
[2024-12-21 13:11:29] Processing ./src/book_editor/__init__.py...
[2024-12-21 13:11:29] Processing ./src/book_editor/types.py...
[2024-12-21 13:11:29] Processing ./src/book_editor/main.py...
[2024-12-21 13:11:29] Processing ./src/data/__init__.py...
[2024-12-21 13:11:29] Processing ./src/data/storage.py...
[2024-12-21 13:11:30] Running linting checks...
[2024-12-21 13:11:30] Running pytest...
/Users/admin/cursor/write-a-book/venv/lib/python3.13/site-packages/pytest_asyncio/plugin.py:207: PytestDeprecationWarning: The configuration option "asyncio_default_fixture_loop_scope" is unset.
The event loop scope for asynchronous fixtures will default to the fixture caching scope. Future versions of pytest-asyncio will default the loop scope for asynchronous fixtures to function scope. Set the default fixture loop scope explicitly in order to avoid unexpected behavior in the future. Valid fixture loop scopes are: "function", "class", "module", "package", "session"

  warnings.warn(PytestDeprecationWarning(_DEFAULT_FIXTURE_LOOP_SCOPE_UNSET))
============================= test session starts ==============================
platform darwin -- Python 3.13.1, pytest-8.3.4, pluggy-1.5.0 -- /Users/admin/cursor/write-a-book/venv/bin/python3.13
cachedir: .pytest_cache
rootdir: /Users/admin/cursor/write-a-book
configfile: pyproject.toml
plugins: cov-6.0.0, asyncio-0.25.0, anyio-4.7.0, mock-3.14.0
asyncio: mode=Mode.STRICT, asyncio_default_fixture_loop_scope=None
collecting ... collected 104 items

tests/test_app_config.py::test_app_settings PASSED                       [  0%]
tests/test_app_config.py::test_supported_formats PASSED                  [  1%]
tests/test_app_config.py::test_theme_config PASSED                       [  2%]
tests/test_app_config.py::test_editor_config PASSED                      [  3%]
tests/test_app_config.py::test_preview_config PASSED                     [  4%]
tests/test_app_config.py::test_logging_config PASSED                     [  5%]
tests/test_app_core.py::test_app_editor_initialization PASSED            [  6%]
tests/test_app_core.py::test_document_manager_operations PASSED          [  7%]
tests/test_app_core.py::test_template_renderer_operations PASSED         [  8%]
tests/test_app_core.py::test_preview_manager_operations PASSED           [  9%]
tests/test_app_core.py::test_app_editor_document_handling PASSED         [ 10%]
tests/test_app_core.py::test_app_editor_template_handling PASSED         [ 11%]
tests/test_app_core.py::test_app_editor_error_handling PASSED            [ 12%]
tests/test_app_core.py::test_document_manager_validation PASSED          [ 13%]
tests/test_app_core.py::test_template_renderer_validation PASSED         [ 14%]
tests/test_app_core.py::test_preview_manager_validation PASSED           [ 15%]
tests/test_app_core_editor.py::test_template_renderer_operations PASSED  [ 16%]
tests/test_app_core_editor.py::test_preview_manager_operations PASSED    [ 17%]
tests/test_app_core_editor.py::test_app_editor_initialization PASSED     [ 18%]
tests/test_app_core_editor.py::test_app_editor_document_operations PASSED [ 19%]
tests/test_app_core_editor.py::test_app_editor_template_operations PASSED [ 20%]
tests/test_app_core_editor.py::test_app_editor_validation PASSED         [ 21%]
tests/test_book.py::test_book_creation PASSED                            [ 22%]
tests/test_book.py::test_chapter_management PASSED                       [ 23%]
tests/test_book.py::test_section_management PASSED                       [ 24%]
tests/test_book.py::test_metadata_management PASSED                      [ 25%]
tests/test_book.py::test_content_operations PASSED                       [ 25%]
tests/test_book.py::test_chapter_operations PASSED                       [ 26%]
tests/test_components.py::test_editor_component_initialization PASSED    [ 27%]
tests/test_components.py::test_editor_content_update PASSED              [ 28%]
tests/test_components.py::test_cursor_movement PASSED                    [ 29%]
tests/test_components.py::test_text_selection PASSED                     [ 30%]
tests/test_components.py::test_undo_redo PASSED                          [ 31%]
tests/test_core_editor.py::test_document_creation PASSED                 [ 32%]
tests/test_core_editor.py::test_document_update PASSED                   [ 33%]
tests/test_core_editor.py::test_document_html_rendering PASSED           [ 34%]
tests/test_core_editor.py::test_document_serialization PASSED            [ 35%]
tests/test_core_editor.py::test_editor_initialization PASSED             [ 36%]
tests/test_core_editor.py::test_document_management PASSED               [ 37%]
tests/test_core_editor.py::test_text_analysis PASSED                     [ 38%]
tests/test_core_editor.py::test_datetime_encoder PASSED                  [ 39%]
tests/test_core_editor.py::test_error_handling PASSED                    [ 40%]
tests/test_core_editor.py::test_document_format_handling PASSED          [ 41%]
tests/test_core_editor.py::test_empty_document_handling PASSED           [ 42%]
tests/test_core_editor.py::test_css_generation PASSED                    [ 43%]
tests/test_core_editor.py::test_datetime_handling PASSED                 [ 44%]
tests/test_core_editor.py::test_text_analysis_edge_cases PASSED          [ 45%]
tests/test_core_editor.py::test_document_to_dict_error_handling PASSED   [ 46%]
tests/test_core_editor_extended.py::test_editor_initialization PASSED    [ 47%]
tests/test_core_editor_extended.py::test_editor_document_creation PASSED [ 48%]
tests/test_core_editor_extended.py::test_editor_document_saving PASSED   [ 49%]
tests/test_core_editor_extended.py::test_editor_document_loading PASSED  [ 50%]
tests/test_core_editor_extended.py::test_editor_document_listing PASSED  [ 50%]
tests/test_core_editor_extended.py::test_editor_text_analysis PASSED     [ 51%]
tests/test_core_editor_extended.py::test_editor_html_rendering PASSED    [ 52%]
tests/test_core_editor_extended.py::test_text_analysis_edge_cases PASSED [ 53%]
tests/test_core_editor_extended.py::test_autosave_enabled PASSED         [ 54%]
tests/test_editor.py::test_editor_initialization PASSED                  [ 55%]
tests/test_editor.py::test_book_loading PASSED                           [ 56%]
tests/test_editor.py::test_chapter_navigation PASSED                     [ 57%]
tests/test_editor.py::test_content_editing PASSED                        [ 58%]
tests/test_editor.py::test_chapter_management PASSED                     [ 59%]
tests/test_editor.py::test_error_handling PASSED                         [ 60%]
tests/test_editor.py::test_undo_redo_stack PASSED                        [ 61%]
tests/test_editor.py::test_empty_undo_redo PASSED                        [ 62%]
tests/test_editor.py::test_chapter_validation PASSED                     [ 63%]
tests/test_editor.py::test_chapter_index_adjustment PASSED               [ 64%]
tests/test_editor.py::test_multiple_chapter_operations PASSED            [ 65%]
tests/test_main.py::test_book_editor_initialization PASSED               [ 66%]
tests/test_main.py::test_render_template_manager PASSED                  [ 67%]
tests/test_main.py::test_main PASSED                                     [ 68%]
tests/test_main.py::test_auto_save PASSED                                [ 69%]
tests/test_main.py::test_template_management PASSED                      [ 70%]
tests/test_main.py::test_template_search PASSED                          [ 71%]
tests/test_main.py::test_template_preview PASSED                         [ 72%]
tests/test_main.py::test_editor_content_handling PASSED                  [ 73%]
tests/test_main.py::test_editor_statistics PASSED                        [ 74%]
tests/test_main.py::test_document_history PASSED                         [ 75%]
tests/test_settings.py::test_app_settings PASSED                         [ 75%]
tests/test_settings.py::test_supported_formats PASSED                    [ 76%]
tests/test_settings.py::test_theme_config PASSED                         [ 77%]
tests/test_settings.py::test_editor_config PASSED                        [ 78%]
tests/test_settings.py::test_preview_config PASSED                       [ 79%]
tests/test_settings.py::test_logging_config PASSED                       [ 80%]
tests/test_storage.py::test_storage_initialization PASSED                [ 81%]
tests/test_storage.py::test_file_operations PASSED                       [ 82%]
tests/test_storage.py::test_directory_operations PASSED                  [ 83%]
tests/test_storage.py::test_backup_operations PASSED                     [ 84%]
tests/test_storage.py::test_error_handling PASSED                        [ 85%]
tests/test_template.py::test_template_creation PASSED                    [ 86%]
tests/test_template.py::test_template_serialization PASSED               [ 87%]
tests/test_template.py::test_template_manager_categories PASSED          [ 88%]
tests/test_template.py::test_template_manager_save_load PASSED           [ 89%]
tests/test_template.py::test_template_manager_listing PASSED             [ 90%]
tests/test_template.py::test_template_search PASSED                      [ 91%]
tests/test_text_editor_extended.py::test_editor_initialization PASSED    [ 92%]
tests/test_text_editor_extended.py::test_content_management PASSED       [ 93%]
tests/test_text_editor_extended.py::test_cursor_movement_bounds PASSED   [ 94%]
tests/test_text_editor_extended.py::test_text_selection_operations PASSED [ 95%]
tests/test_text_editor_extended.py::test_undo_redo_operations PASSED     [ 96%]
tests/test_text_editor_extended.py::test_empty_operations PASSED         [ 97%]
tests/test_text_editor_extended.py::test_cursor_selection_interaction PASSED [ 98%]
tests/test_text_editor_extended.py::test_content_state_management PASSED [ 99%]
tests/test_text_editor_extended.py::test_selection_edge_cases PASSED     [100%]

============================= 104 passed in 2.15s ==============================

--------------------------------------------------------------------
Your code has been rated at 10.00/10 (previous run: 10.00/10, +0.00)

[2024-12-21 13:11:37] Pylint score: 0.00
0.00
0.00/10.00
[2024-12-21 13:11:37] Updating project documentation...
[2024-12-21 13:11:37] Generating detailed project status...
[2024-12-21 13:11:37] Syncing implementation plan...
[2024-12-21 13:11:37] Documentation updated successfully.
[2024-12-21 13:11:37] Auto-committing changes to GitHub...
